# JRE version: OpenJDK Runtime Environment (8.0_212-b04) (build 1.8.0_212-release-1586-b04)
# Java VM: OpenJDK 64-Bit Server VM (25.212-b04 mixed mode windows-amd64 compressed oops)
Heap:
 PSYoungGen      total 213504K, used 24580K [0x00000000eab00000, 0x00000000f9280000, 0x0000000100000000)
  eden space 199168K, 5% used [0x00000000eab00000,0x00000000eb508758,0x00000000f6d80000)
  from space 14336K, 99% used [0x00000000f6d80000,0x00000000f7b78b18,0x00000000f7b80000)
  to   space 15360K, 0% used [0x00000000f7b80000,0x00000000f7b80000,0x00000000f8a80000)
 ParOldGen       total 168448K, used 24685K [0x00000000c0000000, 0x00000000ca480000, 0x00000000eab00000)
  object space 168448K, 14% used [0x00000000c0000000,0x00000000c181b7c8,0x00000000ca480000)
 Metaspace       used 49440K, capacity 51318K, committed 51752K, reserved 1093632K
  class space    used 6626K, capacity 7115K, committed 7216K, reserved 1048576K
GC Heap History (10 events):
Event: 2.574 GC heap before
{Heap before GC invocations=5 (full 1):
 PSYoungGen      total 140800K, used 8989K [0x00000000eab00000, 0x00000000f3f00000, 0x0000000100000000)
  eden space 130048K, 0% used [0x00000000eab00000,0x00000000eab00000,0x00000000f2a00000)
  from space 10752K, 83% used [0x00000000f3480000,0x00000000f3d47680,0x00000000f3f00000)
  to   space 10752K, 0% used [0x00000000f2a00000,0x00000000f2a00000,0x00000000f3480000)
 ParOldGen       total 173568K, used 1006K [0x00000000c0000000, 0x00000000ca980000, 0x00000000eab00000)
  object space 173568K, 0% used [0x00000000c0000000,0x00000000c00fbb10,0x00000000ca980000)
 Metaspace       used 20482K, capacity 21166K, committed 21296K, reserved 1067008K
  class space    used 2890K, capacity 3101K, committed 3120K, reserved 1048576K
Event: 2.608 GC heap after
Heap after GC invocations=5 (full 1):
 PSYoungGen      total 140800K, used 0K [0x00000000eab00000, 0x00000000f3f00000, 0x0000000100000000)
  eden space 130048K, 0% used [0x00000000eab00000,0x00000000eab00000,0x00000000f2a00000)
  from space 10752K, 0% used [0x00000000f3480000,0x00000000f3480000,0x00000000f3f00000)
  to   space 10752K, 0% used [0x00000000f2a00000,0x00000000f2a00000,0x00000000f3480000)
 ParOldGen       total 104448K, used 8654K [0x00000000c0000000, 0x00000000c6600000, 0x00000000eab00000)
  object space 104448K, 8% used [0x00000000c0000000,0x00000000c0873ae8,0x00000000c6600000)
 Metaspace       used 20482K, capacity 21166K, committed 21296K, reserved 1067008K
  class space    used 2890K, capacity 3101K, committed 3120K, reserved 1048576K
}
Event: 3.801 GC heap before
{Heap before GC invocations=6 (full 1):
 PSYoungGen      total 140800K, used 130048K [0x00000000eab00000, 0x00000000f3f00000, 0x0000000100000000)
  eden space 130048K, 100% used [0x00000000eab00000,0x00000000f2a00000,0x00000000f2a00000)
  from space 10752K, 0% used [0x00000000f3480000,0x00000000f3480000,0x00000000f3f00000)
  to   space 10752K, 0% used [0x00000000f2a00000,0x00000000f2a00000,0x00000000f3480000)
 ParOldGen       total 104448K, used 8654K [0x00000000c0000000, 0x00000000c6600000, 0x00000000eab00000)
  object space 104448K, 8% used [0x00000000c0000000,0x00000000c0873ae8,0x00000000c6600000)
 Metaspace       used 31973K, capacity 32898K, committed 33072K, reserved 1077248K
  class space    used 4372K, capacity 4615K, committed 4656K, reserved 1048576K
Event: 3.812 GC heap after
Heap after GC invocations=6 (full 1):
 PSYoungGen      total 140800K, used 10745K [0x00000000eab00000, 0x00000000f8a80000, 0x0000000100000000)
  eden space 130048K, 0% used [0x00000000eab00000,0x00000000eab00000,0x00000000f2a00000)
  from space 10752K, 99% used [0x00000000f2a00000,0x00000000f347e480,0x00000000f3480000)
  to   space 15360K, 0% used [0x00000000f7b80000,0x00000000f7b80000,0x00000000f8a80000)
 ParOldGen       total 104448K, used 11252K [0x00000000c0000000, 0x00000000c6600000, 0x00000000eab00000)
  object space 104448K, 10% used [0x00000000c0000000,0x00000000c0afd150,0x00000000c6600000)
 Metaspace       used 31973K, capacity 32898K, committed 33072K, reserved 1077248K
  class space    used 4372K, capacity 4615K, committed 4656K, reserved 1048576K
}
Event: 4.221 GC heap before
{Heap before GC invocations=7 (full 1):
 PSYoungGen      total 140800K, used 67927K [0x00000000eab00000, 0x00000000f8a80000, 0x0000000100000000)
  eden space 130048K, 43% used [0x00000000eab00000,0x00000000ee2d7998,0x00000000f2a00000)
  from space 10752K, 99% used [0x00000000f2a00000,0x00000000f347e480,0x00000000f3480000)
  to   space 15360K, 0% used [0x00000000f7b80000,0x00000000f7b80000,0x00000000f8a80000)
 ParOldGen       total 104448K, used 11252K [0x00000000c0000000, 0x00000000c6600000, 0x00000000eab00000)
  object space 104448K, 10% used [0x00000000c0000000,0x00000000c0afd150,0x00000000c6600000)
 Metaspace       used 34398K, capacity 35484K, committed 35496K, reserved 1079296K
  class space    used 4743K, capacity 5035K, committed 5040K, reserved 1048576K
Event: 4.237 GC heap after
Heap after GC invocations=7 (full 1):
 PSYoungGen      total 214528K, used 9206K [0x00000000eab00000, 0x00000000f9280000, 0x0000000100000000)
  eden space 199168K, 0% used [0x00000000eab00000,0x00000000eab00000,0x00000000f6d80000)
  from space 15360K, 59% used [0x00000000f7b80000,0x00000000f847d920,0x00000000f8a80000)
  to   space 14336K, 0% used [0x00000000f6d80000,0x00000000f6d80000,0x00000000f7b80000)
 ParOldGen       total 104448K, used 11260K [0x00000000c0000000, 0x00000000c6600000, 0x00000000eab00000)
  object space 104448K, 10% used [0x00000000c0000000,0x00000000c0aff150,0x00000000c6600000)
 Metaspace       used 34398K, capacity 35484K, committed 35496K, reserved 1079296K
  class space    used 4743K, capacity 5035K, committed 5040K, reserved 1048576K
}
Event: 4.237 GC heap before
{Heap before GC invocations=8 (full 2):
 PSYoungGen      total 214528K, used 9206K [0x00000000eab00000, 0x00000000f9280000, 0x0000000100000000)
  eden space 199168K, 0% used [0x00000000eab00000,0x00000000eab00000,0x00000000f6d80000)
  from space 15360K, 59% used [0x00000000f7b80000,0x00000000f847d920,0x00000000f8a80000)
  to   space 14336K, 0% used [0x00000000f6d80000,0x00000000f6d80000,0x00000000f7b80000)
 ParOldGen       total 104448K, used 11260K [0x00000000c0000000, 0x00000000c6600000, 0x00000000eab00000)
  object space 104448K, 10% used [0x00000000c0000000,0x00000000c0aff150,0x00000000c6600000)
 Metaspace       used 34398K, capacity 35484K, committed 35496K, reserved 1079296K
  class space    used 4743K, capacity 5035K, committed 5040K, reserved 1048576K
Event: 4.306 GC heap after
Heap after GC invocations=8 (full 2):
 PSYoungGen      total 214528K, used 0K [0x00000000eab00000, 0x00000000f9280000, 0x0000000100000000)
  eden space 199168K, 0% used [0x00000000eab00000,0x00000000eab00000,0x00000000f6d80000)
  from space 15360K, 0% used [0x00000000f7b80000,0x00000000f7b80000,0x00000000f8a80000)
  to   space 14336K, 0% used [0x00000000f6d80000,0x00000000f6d80000,0x00000000f7b80000)
 ParOldGen       total 168448K, used 16140K [0x00000000c0000000, 0x00000000ca480000, 0x00000000eab00000)
  object space 168448K, 9% used [0x00000000c0000000,0x00000000c0fc3030,0x00000000ca480000)
 Metaspace       used 34398K, capacity 35484K, committed 35496K, reserved 1079296K
  class space    used 4743K, capacity 5035K, committed 5040K, reserved 1048576K
}
Event: 7.247 GC heap before
{Heap before GC invocations=9 (full 2):
 PSYoungGen      total 214528K, used 199168K [0x00000000eab00000, 0x00000000f9280000, 0x0000000100000000)
  eden space 199168K, 100% used [0x00000000eab00000,0x00000000f6d80000,0x00000000f6d80000)
  from space 15360K, 0% used [0x00000000f7b80000,0x00000000f7b80000,0x00000000f8a80000)
  to   space 14336K, 0% used [0x00000000f6d80000,0x00000000f6d80000,0x00000000f7b80000)
 ParOldGen       total 168448K, used 16140K [0x00000000c0000000, 0x00000000ca480000, 0x00000000eab00000)
  object space 168448K, 9% used [0x00000000c0000000,0x00000000c0fc3030,0x00000000ca480000)
 Metaspace       used 49327K, capacity 51112K, committed 51368K, reserved 1093632K
  class space    used 6597K, capacity 7065K, committed 7088K, reserved 1048576K
Event: 7.278 GC heap after
Heap after GC invocations=9 (full 2):
 PSYoungGen      total 213504K, used 14306K [0x00000000eab00000, 0x00000000f9280000, 0x0000000100000000)
  eden space 199168K, 0% used [0x00000000eab00000,0x00000000eab00000,0x00000000f6d80000)
  from space 14336K, 99% used [0x00000000f6d80000,0x00000000f7b78b18,0x00000000f7b80000)
  to   space 15360K, 0% used [0x00000000f7b80000,0x00000000f7b80000,0x00000000f8a80000)
 ParOldGen       total 168448K, used 24685K [0x00000000c0000000, 0x00000000ca480000, 0x00000000eab00000)
  object space 168448K, 14% used [0x00000000c0000000,0x00000000c181b7c8,0x00000000ca480000)
 Metaspace       used 49327K, capacity 51112K, committed 51368K, reserved 1093632K
  class space    used 6597K, capacity 7065K, committed 7088K, reserved 1048576K
}

