# JRE version: OpenJDK Runtime Environment (8.0_212-b04) (build 1.8.0_212-release-1586-b04)
# Java VM: OpenJDK 64-Bit Server VM (25.212-b04 mixed mode windows-amd64 compressed oops)
Heap:
 PSYoungGen      total 233984K, used 138179K [0x00000000eab00000, 0x00000000fdb00000, 0x0000000100000000)
  eden space 205824K, 53% used [0x00000000eab00000,0x00000000f16737c0,0x00000000f7400000)
  from space 28160K, 99% used [0x00000000f7400000,0x00000000f8f7d500,0x00000000f8f80000)
  to   space 34304K, 0% used [0x00000000fb980000,0x00000000fb980000,0x00000000fdb00000)
 ParOldGen       total 250368K, used 51229K [0x00000000c0000000, 0x00000000cf480000, 0x00000000eab00000)
  object space 250368K, 20% used [0x00000000c0000000,0x00000000c32074c0,0x00000000cf480000)
 Metaspace       used 69158K, capacity 73491K, committed 73752K, reserved 1112064K
  class space    used 9540K, capacity 10439K, committed 10544K, reserved 1048576K
GC Heap History (10 events):
Event: 13.176 GC heap before
{Heap before GC invocations=12 (full 2):
 PSYoungGen      total 162816K, used 112249K [0x00000000eab00000, 0x00000000f7c80000, 0x0000000100000000)
  eden space 150528K, 66% used [0x00000000eab00000,0x00000000f0c9f650,0x00000000f3e00000)
  from space 12288K, 99% used [0x00000000f3e00000,0x00000000f49fee00,0x00000000f4a00000)
  to   space 17408K, 0% used [0x00000000f6b80000,0x00000000f6b80000,0x00000000f7c80000)
 ParOldGen       total 165376K, used 25549K [0x00000000c0000000, 0x00000000ca180000, 0x00000000eab00000)
  object space 165376K, 15% used [0x00000000c0000000,0x00000000c18f3530,0x00000000ca180000)
 Metaspace       used 56443K, capacity 59039K, committed 59160K, reserved 1099776K
  class space    used 7668K, capacity 8240K, committed 8240K, reserved 1048576K
Event: 13.211 GC heap after
Heap after GC invocations=12 (full 2):
 PSYoungGen      total 193024K, used 17387K [0x00000000eab00000, 0x00000000f9380000, 0x0000000100000000)
  eden space 175616K, 0% used [0x00000000eab00000,0x00000000eab00000,0x00000000f5680000)
  from space 17408K, 99% used [0x00000000f6b80000,0x00000000f7c7ae10,0x00000000f7c80000)
  to   space 21504K, 0% used [0x00000000f5680000,0x00000000f5680000,0x00000000f6b80000)
 ParOldGen       total 165376K, used 31380K [0x00000000c0000000, 0x00000000ca180000, 0x00000000eab00000)
  object space 165376K, 18% used [0x00000000c0000000,0x00000000c1ea5238,0x00000000ca180000)
 Metaspace       used 56443K, capacity 59039K, committed 59160K, reserved 1099776K
  class space    used 7668K, capacity 8240K, committed 8240K, reserved 1048576K
}
Event: 13.211 GC heap before
{Heap before GC invocations=13 (full 3):
 PSYoungGen      total 193024K, used 17387K [0x00000000eab00000, 0x00000000f9380000, 0x0000000100000000)
  eden space 175616K, 0% used [0x00000000eab00000,0x00000000eab00000,0x00000000f5680000)
  from space 17408K, 99% used [0x00000000f6b80000,0x00000000f7c7ae10,0x00000000f7c80000)
  to   space 21504K, 0% used [0x00000000f5680000,0x00000000f5680000,0x00000000f6b80000)
 ParOldGen       total 165376K, used 31380K [0x00000000c0000000, 0x00000000ca180000, 0x00000000eab00000)
  object space 165376K, 18% used [0x00000000c0000000,0x00000000c1ea5238,0x00000000ca180000)
 Metaspace       used 56443K, capacity 59039K, committed 59160K, reserved 1099776K
  class space    used 7668K, capacity 8240K, committed 8240K, reserved 1048576K
Event: 13.616 GC heap after
Heap after GC invocations=13 (full 3):
 PSYoungGen      total 193024K, used 0K [0x00000000eab00000, 0x00000000f9380000, 0x0000000100000000)
  eden space 175616K, 0% used [0x00000000eab00000,0x00000000eab00000,0x00000000f5680000)
  from space 17408K, 0% used [0x00000000f6b80000,0x00000000f6b80000,0x00000000f7c80000)
  to   space 21504K, 0% used [0x00000000f5680000,0x00000000f5680000,0x00000000f6b80000)
 ParOldGen       total 250368K, used 39499K [0x00000000c0000000, 0x00000000cf480000, 0x00000000eab00000)
  object space 250368K, 15% used [0x00000000c0000000,0x00000000c2692c90,0x00000000cf480000)
 Metaspace       used 56398K, capacity 58889K, committed 59160K, reserved 1099776K
  class space    used 7655K, capacity 8215K, committed 8240K, reserved 1048576K
}
Event: 17.922 GC heap before
{Heap before GC invocations=14 (full 3):
 PSYoungGen      total 193024K, used 175616K [0x00000000eab00000, 0x00000000f9380000, 0x0000000100000000)
  eden space 175616K, 100% used [0x00000000eab00000,0x00000000f5680000,0x00000000f5680000)
  from space 17408K, 0% used [0x00000000f6b80000,0x00000000f6b80000,0x00000000f7c80000)
  to   space 21504K, 0% used [0x00000000f5680000,0x00000000f5680000,0x00000000f6b80000)
 ParOldGen       total 250368K, used 39499K [0x00000000c0000000, 0x00000000cf480000, 0x00000000eab00000)
  object space 250368K, 15% used [0x00000000c0000000,0x00000000c2692c90,0x00000000cf480000)
 Metaspace       used 64007K, capacity 67223K, committed 67352K, reserved 1107968K
  class space    used 8921K, capacity 9695K, committed 9776K, reserved 1048576K
Event: 17.954 GC heap after
Heap after GC invocations=14 (full 3):
 PSYoungGen      total 197120K, used 18785K [0x00000000eab00000, 0x00000000fa600000, 0x0000000100000000)
  eden space 175616K, 0% used [0x00000000eab00000,0x00000000eab00000,0x00000000f5680000)
  from space 21504K, 87% used [0x00000000f5680000,0x00000000f68d8710,0x00000000f6b80000)
  to   space 23040K, 0% used [0x00000000f8f80000,0x00000000f8f80000,0x00000000fa600000)
 ParOldGen       total 250368K, used 39507K [0x00000000c0000000, 0x00000000cf480000, 0x00000000eab00000)
  object space 250368K, 15% used [0x00000000c0000000,0x00000000c2694c90,0x00000000cf480000)
 Metaspace       used 64007K, capacity 67223K, committed 67352K, reserved 1107968K
  class space    used 8921K, capacity 9695K, committed 9776K, reserved 1048576K
}
Event: 22.319 GC heap before
{Heap before GC invocations=15 (full 3):
 PSYoungGen      total 197120K, used 194401K [0x00000000eab00000, 0x00000000fa600000, 0x0000000100000000)
  eden space 175616K, 100% used [0x00000000eab00000,0x00000000f5680000,0x00000000f5680000)
  from space 21504K, 87% used [0x00000000f5680000,0x00000000f68d8710,0x00000000f6b80000)
  to   space 23040K, 0% used [0x00000000f8f80000,0x00000000f8f80000,0x00000000fa600000)
 ParOldGen       total 250368K, used 39507K [0x00000000c0000000, 0x00000000cf480000, 0x00000000eab00000)
  object space 250368K, 15% used [0x00000000c0000000,0x00000000c2694c90,0x00000000cf480000)
 Metaspace       used 66725K, capacity 70771K, committed 70808K, reserved 1110016K
  class space    used 9260K, capacity 10133K, committed 10160K, reserved 1048576K
Event: 22.354 GC heap after
Heap after GC invocations=15 (full 3):
 PSYoungGen      total 228864K, used 23037K [0x00000000eab00000, 0x00000000fae00000, 0x0000000100000000)
  eden space 205824K, 0% used [0x00000000eab00000,0x00000000eab00000,0x00000000f7400000)
  from space 23040K, 99% used [0x00000000f8f80000,0x00000000fa5ff500,0x00000000fa600000)
  to   space 28160K, 0% used [0x00000000f7400000,0x00000000f7400000,0x00000000f8f80000)
 ParOldGen       total 250368K, used 46015K [0x00000000c0000000, 0x00000000cf480000, 0x00000000eab00000)
  object space 250368K, 18% used [0x00000000c0000000,0x00000000c2cefc00,0x00000000cf480000)
 Metaspace       used 66725K, capacity 70771K, committed 70808K, reserved 1110016K
  class space    used 9260K, capacity 10133K, committed 10160K, reserved 1048576K
}
Event: 25.865 GC heap before
{Heap before GC invocations=16 (full 3):
 PSYoungGen      total 228864K, used 228861K [0x00000000eab00000, 0x00000000fae00000, 0x0000000100000000)
  eden space 205824K, 100% used [0x00000000eab00000,0x00000000f7400000,0x00000000f7400000)
  from space 23040K, 99% used [0x00000000f8f80000,0x00000000fa5ff500,0x00000000fa600000)
  to   space 28160K, 0% used [0x00000000f7400000,0x00000000f7400000,0x00000000f8f80000)
 ParOldGen       total 250368K, used 46015K [0x00000000c0000000, 0x00000000cf480000, 0x00000000eab00000)
  object space 250368K, 18% used [0x00000000c0000000,0x00000000c2cefc00,0x00000000cf480000)
 Metaspace       used 67990K, capacity 72181K, committed 72344K, reserved 1112064K
  class space    used 9426K, capacity 10292K, committed 10416K, reserved 1048576K
Event: 25.895 GC heap after
Heap after GC invocations=16 (full 3):
 PSYoungGen      total 233984K, used 28149K [0x00000000eab00000, 0x00000000fdb00000, 0x0000000100000000)
  eden space 205824K, 0% used [0x00000000eab00000,0x00000000eab00000,0x00000000f7400000)
  from space 28160K, 99% used [0x00000000f7400000,0x00000000f8f7d500,0x00000000f8f80000)
  to   space 34304K, 0% used [0x00000000fb980000,0x00000000fb980000,0x00000000fdb00000)
 ParOldGen       total 250368K, used 51229K [0x00000000c0000000, 0x00000000cf480000, 0x00000000eab00000)
  object space 250368K, 20% used [0x00000000c0000000,0x00000000c32074c0,0x00000000cf480000)
 Metaspace       used 67990K, capacity 72181K, committed 72344K, reserved 1112064K
  class space    used 9426K, capacity 10292K, committed 10416K, reserved 1048576K
}

